<?xml version="1.0" encoding="UTF-8"?>
<!-- Generated by org.testng.reporters.JUnitReportReporter -->
<testsuite skipped="0" hostname="Marcos" name="com.goibibo.test.testclass" tests="14" failures="0" timestamp="2021-07-13T23:06:21 IST" time="15.011" errors="0">
  <testcase name="verifyPickUpTime" time="0.076" classname="com.goibibo.test.testclass"/>
  <system-out/>
  <testcase name="verifyCarModelIsSelected" time="2.347" classname="com.goibibo.test.testclass"/>
  <system-out/>
  <testcase name="verifyLowPrice" time="0.131" classname="com.goibibo.test.testclass"/>
  <system-out/>
  <testcase name="verifyCabButtonText" time="3.660" classname="com.goibibo.test.testclass"/>
  <system-out/>
  <testcase name="verifyOneWaySelected" time="0.076" classname="com.goibibo.test.testclass"/>
  <system-out/>
  <testcase name="verifyFromLocation" time="0.002" classname="com.goibibo.test.testclass"/>
  <system-out/>
  <testcase name="LowestPriceTest" time="0.301" classname="com.goibibo.test.testclass"/>
  <system-out/>
  <testcase name="verifyDefaultSection" time="0.181" classname="com.goibibo.test.testclass"/>
  <system-out/>
  <testcase name="verifyPickUpDate" time="0.078" classname="com.goibibo.test.testclass"/>
  <system-out/>
  <testcase name="verifySearchCabs" time="0.786" classname="com.goibibo.test.testclass"/>
  <system-out/>
  <testcase name="travelDetailsTest" time="5.197" classname="com.goibibo.test.testclass"/>
  <system-out/>
  <testcase name="cabsModelTest" time="0.746" classname="com.goibibo.test.testclass"/>
  <system-out/>
  <testcase name="verifyPickUpMonth" time="0.064" classname="com.goibibo.test.testclass"/>
  <system-out/>
  <testcase name="verifyDropDownNotActivatedTest" time="1.366" classname="com.goibibo.test.testclass"/>
  <system-out/>
</testsuite> <!-- com.goibibo.test.testclass -->
