<?xml version="1.0" encoding="UTF-8"?>
<!-- Generated by org.testng.reporters.JUnitReportReporter -->
<testsuite skipped="0" hostname="Marcos" name="com.goibibo.test.HotelPageTest" tests="12" failures="0" timestamp="2021-07-14T12:35:26 IST" time="46.666" errors="0">
  <testcase name="verifyAlertMessageTest" time="0.029" classname="com.goibibo.test.HotelPageTest"/>
  <system-out/>
  <testcase name="verifyAlertIsActivatedTest" time="0.252" classname="com.goibibo.test.HotelPageTest"/>
  <system-out/>
  <testcase name="verifyHotelsTitle" time="0.038" classname="com.goibibo.test.HotelPageTest"/>
  <system-out/>
  <testcase name="verifyAlertIsClosedTest" time="2.098" classname="com.goibibo.test.HotelPageTest"/>
  <system-out/>
  <testcase name="verifyAlertMaxMessageTest" time="0.014" classname="com.goibibo.test.HotelPageTest"/>
  <system-out/>
  <testcase name="verifyHotelButtonText" time="4.737" classname="com.goibibo.test.HotelPageTest"/>
  <system-out/>
  <testcase name="verifyAlertWhenNumberIsMax" time="35.234" classname="com.goibibo.test.HotelPageTest"/>
  <system-out/>
  <testcase name="verifyDefaultSection" time="0.232" classname="com.goibibo.test.HotelPageTest"/>
  <system-out/>
  <testcase name="verifyMaxAlertIsClosedTest" time="2.084" classname="com.goibibo.test.HotelPageTest"/>
  <system-out/>
  <testcase name="verifyDefaultNumber" time="0.459" classname="com.goibibo.test.HotelPageTest"/>
  <system-out/>
  <testcase name="verifyDropDownNotActivatedTest" time="1.213" classname="com.goibibo.test.HotelPageTest"/>
  <system-out/>
  <testcase name="verifyStartingNumber" time="0.276" classname="com.goibibo.test.HotelPageTest"/>
  <system-out/>
</testsuite> <!-- com.goibibo.test.HotelPageTest -->
